{
  meta: {
    req: {
      url: '/api/functions/getNoPaidall',
      headers: {
        'user-agent': 'PostmanRuntime/7.43.0',
        accept: '*/*',
        'postman-token': '20de2621-f79a-4c09-bb1a-dbf423d283dd',
        host: 'localhost:4000',
        'accept-encoding': 'gzip, deflate, br',
        connection: 'keep-alive',
        cookie: 'admin_refreshToken=eyJhbGciOiJIUzI1NiIsInR5cCI6IkpXVCJ9.eyJlbWFpbCI6ImFocm9yc3VsYXltb25vdjQ5NEBnbWFpbC5jb20iLCJpc19hY3RpdmUiOnRydWUsImlzX2NyZWF0b3IiOnRydWUsImlhdCI6MTczNjkzMzgzNCwiZXhwIjoxNzM5NTI1ODM0fQ.tF-B_bH4aZIg9ToOTZRDBzFqNwpGdd0rdIuTOKHQZWY; refreshToken=eyJhbGciOiJIUzI1NiIsInR5cCI6IkpXVCJ9.eyJlbWFpbCI6ImFocm9yc3VsYXltb25vdjQ5NEBnbWFpbC5jb20iLCJpc19hY3RpdmUiOnRydWUsImlzX2NyZWF0b3IiOnRydWUsImlhdCI6MTczNzAwMTA5NywiZXhwIjoxNzM5NTkzMDk3fQ.8sSz6DT-SU9lvOv8ItWQ2n6j0uHmml8wIqMLhI5CS1k'
      },
      method: 'GET',
      httpVersion: '1.1',
      originalUrl: '/api/functions/getNoPaidall',
      query: {}
    },
    res: { statusCode: 200 },
    responseTime: 92
  },
  level: 'info',
  message: 'GET /api/functions/getNoPaidall 200 92ms'
}
{
  meta: {
    req: {
      url: '/api/admins/create',
      headers: {
        'content-type': 'application/json',
        'user-agent': 'PostmanRuntime/7.43.0',
        accept: '*/*',
        'postman-token': '2aeeac78-14ce-4e86-82cf-7477716d2bc0',
        host: 'localhost:4000',
        'accept-encoding': 'gzip, deflate, br',
        connection: 'keep-alive',
        'content-length': '253',
        cookie: 'admin_refreshToken=eyJhbGciOiJIUzI1NiIsInR5cCI6IkpXVCJ9.eyJlbWFpbCI6ImFocm9yc3VsYXltb25vdjQ5NEBnbWFpbC5jb20iLCJpc19hY3RpdmUiOnRydWUsImlzX2NyZWF0b3IiOnRydWUsImlhdCI6MTczNjkzMzgzNCwiZXhwIjoxNzM5NTI1ODM0fQ.tF-B_bH4aZIg9ToOTZRDBzFqNwpGdd0rdIuTOKHQZWY; refreshToken=eyJhbGciOiJIUzI1NiIsInR5cCI6IkpXVCJ9.eyJlbWFpbCI6ImFocm9yc3VsYXltb25vdjQ5NEBnbWFpbC5jb20iLCJpc19hY3RpdmUiOnRydWUsImlzX2NyZWF0b3IiOnRydWUsImlhdCI6MTczNzAwMTA5NywiZXhwIjoxNzM5NTkzMDk3fQ.8sSz6DT-SU9lvOv8ItWQ2n6j0uHmml8wIqMLhI5CS1k'
      },
      method: 'POST',
      httpVersion: '1.1',
      originalUrl: '/api/admins/create',
      query: {}
    },
    res: { statusCode: 403 },
    responseTime: 4
  },
  level: 'info',
  message: 'POST /api/admins/create 403 4ms'
}
{
  meta: {
    req: {
      url: '/api/admins/login',
      headers: {
        'content-type': 'application/json',
        'user-agent': 'PostmanRuntime/7.43.0',
        accept: '*/*',
        'postman-token': 'f5e8e892-5c59-4139-b739-8d5d65b903ff',
        host: 'localhost:4000',
        'accept-encoding': 'gzip, deflate, br',
        connection: 'keep-alive',
        'content-length': '87',
        cookie: 'admin_refreshToken=eyJhbGciOiJIUzI1NiIsInR5cCI6IkpXVCJ9.eyJlbWFpbCI6ImFocm9yc3VsYXltb25vdjQ5NEBnbWFpbC5jb20iLCJpc19hY3RpdmUiOnRydWUsImlzX2NyZWF0b3IiOnRydWUsImlhdCI6MTczNjkzMzgzNCwiZXhwIjoxNzM5NTI1ODM0fQ.tF-B_bH4aZIg9ToOTZRDBzFqNwpGdd0rdIuTOKHQZWY; refreshToken=eyJhbGciOiJIUzI1NiIsInR5cCI6IkpXVCJ9.eyJlbWFpbCI6ImFocm9yc3VsYXltb25vdjQ5NEBnbWFpbC5jb20iLCJpc19hY3RpdmUiOnRydWUsImlzX2NyZWF0b3IiOnRydWUsImlhdCI6MTczNzAwMTA5NywiZXhwIjoxNzM5NTkzMDk3fQ.8sSz6DT-SU9lvOv8ItWQ2n6j0uHmml8wIqMLhI5CS1k'
      },
      method: 'POST',
      httpVersion: '1.1',
      originalUrl: '/api/admins/login',
      query: {}
    },
    res: { statusCode: 200 },
    responseTime: 2561
  },
  level: 'info',
  message: 'POST /api/admins/login 200 2561ms'
}
{
  meta: {
    req: {
      url: '/api/admins/create',
      headers: {
        'content-type': 'application/json',
        authorization: 'Bearer eyJhbGciOiJIUzI1NiIsInR5cCI6IkpXVCJ9.eyJlbWFpbCI6ImFocm9yc3VsYXltb25vdjQ5NEBnbWFpbC5jb20iLCJpc19hY3RpdmUiOnRydWUsImlzX2NyZWF0b3IiOnRydWUsImlhdCI6MTczNzAyODI5NSwiZXhwIjoxNzM3MDgyMjk1fQ.duZWWTl0ns1rvrVx9iJzFg99dMoJ6kOxruwXiQZZw0k',
        'user-agent': 'PostmanRuntime/7.43.0',
        accept: '*/*',
        'postman-token': 'dc02b93c-5339-4ef4-a4ef-6d7e8867887b',
        host: 'localhost:4000',
        'accept-encoding': 'gzip, deflate, br',
        connection: 'keep-alive',
        'content-length': '253',
        cookie: 'admin_refreshToken=eyJhbGciOiJIUzI1NiIsInR5cCI6IkpXVCJ9.eyJlbWFpbCI6ImFocm9yc3VsYXltb25vdjQ5NEBnbWFpbC5jb20iLCJpc19hY3RpdmUiOnRydWUsImlzX2NyZWF0b3IiOnRydWUsImlhdCI6MTczNjkzMzgzNCwiZXhwIjoxNzM5NTI1ODM0fQ.tF-B_bH4aZIg9ToOTZRDBzFqNwpGdd0rdIuTOKHQZWY; refreshToken=eyJhbGciOiJIUzI1NiIsInR5cCI6IkpXVCJ9.eyJlbWFpbCI6ImFocm9yc3VsYXltb25vdjQ5NEBnbWFpbC5jb20iLCJpc19hY3RpdmUiOnRydWUsImlzX2NyZWF0b3IiOnRydWUsImlhdCI6MTczNzAyODI5NSwiZXhwIjoxNzM5NjIwMjk1fQ.54zE2ZPxjjrqNefMfSlsd3r7ANXun161d6bscfltm9w'
      },
      method: 'POST',
      httpVersion: '1.1',
      originalUrl: '/api/admins/create',
      query: {}
    },
    res: { statusCode: 400 },
    responseTime: 2021
  },
  level: 'info',
  message: 'POST /api/admins/create 400 2021ms'
}
{
  meta: {
    req: {
      url: '/api/admins/all',
      headers: {
        authorization: 'Bearer eyJhbGciOiJIUzI1NiIsInR5cCI6IkpXVCJ9.eyJlbWFpbCI6ImFocm9yc3VsYXltb25vdjQ5NEBnbWFpbC5jb20iLCJpc19hY3RpdmUiOnRydWUsImlzX2NyZWF0b3IiOnRydWUsImlhdCI6MTczNzAwMTA5NywiZXhwIjoxNzM3MDU1MDk3fQ.iVK7z0LUQjQ1FxoMF5MH-qgffYM19plSvPWHnYV9iCQ',
        'user-agent': 'PostmanRuntime/7.43.0',
        accept: '*/*',
        'postman-token': '5f55c297-260a-4215-a052-7412eb4c386c',
        host: 'localhost:4000',
        'accept-encoding': 'gzip, deflate, br',
        connection: 'keep-alive',
        cookie: 'admin_refreshToken=eyJhbGciOiJIUzI1NiIsInR5cCI6IkpXVCJ9.eyJlbWFpbCI6ImFocm9yc3VsYXltb25vdjQ5NEBnbWFpbC5jb20iLCJpc19hY3RpdmUiOnRydWUsImlzX2NyZWF0b3IiOnRydWUsImlhdCI6MTczNjkzMzgzNCwiZXhwIjoxNzM5NTI1ODM0fQ.tF-B_bH4aZIg9ToOTZRDBzFqNwpGdd0rdIuTOKHQZWY; refreshToken=eyJhbGciOiJIUzI1NiIsInR5cCI6IkpXVCJ9.eyJlbWFpbCI6ImFocm9yc3VsYXltb25vdjQ5NEBnbWFpbC5jb20iLCJpc19hY3RpdmUiOnRydWUsImlzX2NyZWF0b3IiOnRydWUsImlhdCI6MTczNzAyODI5NSwiZXhwIjoxNzM5NjIwMjk1fQ.54zE2ZPxjjrqNefMfSlsd3r7ANXun161d6bscfltm9w'
      },
      method: 'GET',
      httpVersion: '1.1',
      originalUrl: '/api/admins/all',
      query: {}
    },
    res: { statusCode: 200 },
    responseTime: 1276
  },
  level: 'info',
  message: 'GET /api/admins/all 200 1276ms'
}
{
  meta: {
    req: {
      url: '/api/admins/create',
      headers: {
        'content-type': 'application/json',
        authorization: 'Bearer eyJhbGciOiJIUzI1NiIsInR5cCI6IkpXVCJ9.eyJlbWFpbCI6ImFocm9yc3VsYXltb25vdjQ5NEBnbWFpbC5jb20iLCJpc19hY3RpdmUiOnRydWUsImlzX2NyZWF0b3IiOnRydWUsImlhdCI6MTczNzAyODI5NSwiZXhwIjoxNzM3MDgyMjk1fQ.duZWWTl0ns1rvrVx9iJzFg99dMoJ6kOxruwXiQZZw0k',
        'user-agent': 'PostmanRuntime/7.43.0',
        accept: '*/*',
        'postman-token': '3a7f7682-f046-4f0c-9b56-ee94bc415125',
        host: 'localhost:4000',
        'accept-encoding': 'gzip, deflate, br',
        connection: 'keep-alive',
        'content-length': '256',
        cookie: 'admin_refreshToken=eyJhbGciOiJIUzI1NiIsInR5cCI6IkpXVCJ9.eyJlbWFpbCI6ImFocm9yc3VsYXltb25vdjQ5NEBnbWFpbC5jb20iLCJpc19hY3RpdmUiOnRydWUsImlzX2NyZWF0b3IiOnRydWUsImlhdCI6MTczNjkzMzgzNCwiZXhwIjoxNzM5NTI1ODM0fQ.tF-B_bH4aZIg9ToOTZRDBzFqNwpGdd0rdIuTOKHQZWY; refreshToken=eyJhbGciOiJIUzI1NiIsInR5cCI6IkpXVCJ9.eyJlbWFpbCI6ImFocm9yc3VsYXltb25vdjQ5NEBnbWFpbC5jb20iLCJpc19hY3RpdmUiOnRydWUsImlzX2NyZWF0b3IiOnRydWUsImlhdCI6MTczNzAyODI5NSwiZXhwIjoxNzM5NjIwMjk1fQ.54zE2ZPxjjrqNefMfSlsd3r7ANXun161d6bscfltm9w'
      },
      method: 'POST',
      httpVersion: '1.1',
      originalUrl: '/api/admins/create',
      query: {}
    },
    res: { statusCode: 201 },
    responseTime: 4920
  },
  level: 'info',
  message: 'POST /api/admins/create 201 4920ms'
}
{
  meta: {
    req: {
      url: '/api/admins/create',
      headers: {
        'content-type': 'application/json',
        authorization: 'Bearer eyJhbGciOiJIUzI1NiIsInR5cCI6IkpXVCJ9.eyJlbWFpbCI6ImFocm9yc3VsYXltb25vdjQ5NEBnbWFpbC5jb20iLCJpc19hY3RpdmUiOnRydWUsImlzX2NyZWF0b3IiOnRydWUsImlhdCI6MTczNzAyODI5NSwiZXhwIjoxNzM3MDgyMjk1fQ.duZWWTl0ns1rvrVx9iJzFg99dMoJ6kOxruwXiQZZw0k',
        'user-agent': 'PostmanRuntime/7.43.0',
        accept: '*/*',
        'postman-token': '9c7feb59-a200-455e-999c-2b9bcb9d5b7c',
        host: 'localhost:4000',
        'accept-encoding': 'gzip, deflate, br',
        connection: 'keep-alive',
        'content-length': '255',
        cookie: 'admin_refreshToken=eyJhbGciOiJIUzI1NiIsInR5cCI6IkpXVCJ9.eyJlbWFpbCI6ImFocm9yc3VsYXltb25vdjQ5NEBnbWFpbC5jb20iLCJpc19hY3RpdmUiOnRydWUsImlzX2NyZWF0b3IiOnRydWUsImlhdCI6MTczNjkzMzgzNCwiZXhwIjoxNzM5NTI1ODM0fQ.tF-B_bH4aZIg9ToOTZRDBzFqNwpGdd0rdIuTOKHQZWY; refreshToken=eyJhbGciOiJIUzI1NiIsInR5cCI6IkpXVCJ9.eyJlbWFpbCI6ImFocm9yc3VsYXltb25vdjQ5NEBnbWFpbC5jb20iLCJpc19hY3RpdmUiOnRydWUsImlzX2NyZWF0b3IiOnRydWUsImlhdCI6MTczNzAyODI5NSwiZXhwIjoxNzM5NjIwMjk1fQ.54zE2ZPxjjrqNefMfSlsd3r7ANXun161d6bscfltm9w'
      },
      method: 'POST',
      httpVersion: '1.1',
      originalUrl: '/api/admins/create',
      query: {}
    },
    res: { statusCode: 201 },
    responseTime: 2943
  },
  level: 'info',
  message: 'POST /api/admins/create 201 2943ms'
}
{
  meta: {
    req: {
      url: '/api/admins/activate/7ce55f6c-34ff-4804-b14d-d6f412d53543',
      headers: {
        host: 'localhost:4000',
        connection: 'keep-alive',
        'upgrade-insecure-requests': '1',
        'user-agent': 'Mozilla/5.0 (Windows NT 10.0; Win64; x64) AppleWebKit/537.36 (KHTML, like Gecko) Chrome/131.0.0.0 Safari/537.36',
        accept: 'text/html,application/xhtml+xml,application/xml;q=0.9,image/avif,image/webp,image/apng,*/*;q=0.8,application/signed-exchange;v=b3;q=0.7',
        'x-browser-channel': 'stable',
        'x-browser-year': '2025',
        'x-browser-validation': 'Nbt54E7jcg8lQ4EExJrU2ugNG6o=',
        'x-browser-copyright': 'Copyright 2025 Google LLC. All rights reserved.',
        'sec-fetch-site': 'cross-site',
        'sec-fetch-mode': 'navigate',
        'sec-fetch-user': '?1',
        'sec-fetch-dest': 'document',
        'sec-ch-ua': '"Google Chrome";v="131", "Chromium";v="131", "Not_A Brand";v="24"',
        'sec-ch-ua-mobile': '?0',
        'sec-ch-ua-platform': '"Windows"',
        'accept-encoding': 'gzip, deflate, br, zstd',
        'accept-language': 'en-US,en;q=0.9,uz;q=0.8'
      },
      method: 'GET',
      httpVersion: '1.1',
      originalUrl: '/api/admins/activate/7ce55f6c-34ff-4804-b14d-d6f412d53543',
      query: {}
    },
    res: { statusCode: 200 },
    responseTime: 2599
  },
  level: 'info',
  message: 'GET /api/admins/activate/7ce55f6c-34ff-4804-b14d-d6f412d53543 200 2599ms'
}
{
  meta: {
    req: {
      url: '/api/admins/all',
      headers: {
        authorization: 'Bearer eyJhbGciOiJIUzI1NiIsInR5cCI6IkpXVCJ9.eyJlbWFpbCI6ImFocm9yc3VsYXltb25vdjQ5NEBnbWFpbC5jb20iLCJpc19hY3RpdmUiOnRydWUsImlzX2NyZWF0b3IiOnRydWUsImlhdCI6MTczNzAwMTA5NywiZXhwIjoxNzM3MDU1MDk3fQ.iVK7z0LUQjQ1FxoMF5MH-qgffYM19plSvPWHnYV9iCQ',
        'user-agent': 'PostmanRuntime/7.43.0',
        accept: '*/*',
        'postman-token': '58be8901-5b1b-4fa6-a953-cdd00fad588d',
        host: 'localhost:4000',
        'accept-encoding': 'gzip, deflate, br',
        connection: 'keep-alive',
        cookie: 'admin_refreshToken=eyJhbGciOiJIUzI1NiIsInR5cCI6IkpXVCJ9.eyJlbWFpbCI6ImFocm9yc3VsYXltb25vdjQ5NEBnbWFpbC5jb20iLCJpc19hY3RpdmUiOnRydWUsImlzX2NyZWF0b3IiOnRydWUsImlhdCI6MTczNjkzMzgzNCwiZXhwIjoxNzM5NTI1ODM0fQ.tF-B_bH4aZIg9ToOTZRDBzFqNwpGdd0rdIuTOKHQZWY; refreshToken=eyJhbGciOiJIUzI1NiIsInR5cCI6IkpXVCJ9.eyJlbWFpbCI6ImFocm9yc3VsYXltb25vdjQ5NEBnbWFpbC5jb20iLCJpc19hY3RpdmUiOnRydWUsImlzX2NyZWF0b3IiOnRydWUsImlhdCI6MTczNzAyODI5NSwiZXhwIjoxNzM5NjIwMjk1fQ.54zE2ZPxjjrqNefMfSlsd3r7ANXun161d6bscfltm9w'
      },
      method: 'GET',
      httpVersion: '1.1',
      originalUrl: '/api/admins/all',
      query: {}
    },
    res: { statusCode: 200 },
    responseTime: 1139
  },
  level: 'info',
  message: 'GET /api/admins/all 200 1139ms'
}
{
  meta: {
    req: {
      url: '/api/contracts/create',
      headers: {
        'content-type': 'application/json',
        'user-agent': 'PostmanRuntime/7.43.0',
        accept: '*/*',
        'postman-token': '1a253941-2209-4869-8c89-204ea9917bd7',
        host: 'localhost:4000',
        'accept-encoding': 'gzip, deflate, br',
        connection: 'keep-alive',
        'content-length': '142',
        cookie: 'admin_refreshToken=eyJhbGciOiJIUzI1NiIsInR5cCI6IkpXVCJ9.eyJlbWFpbCI6ImFocm9yc3VsYXltb25vdjQ5NEBnbWFpbC5jb20iLCJpc19hY3RpdmUiOnRydWUsImlzX2NyZWF0b3IiOnRydWUsImlhdCI6MTczNjkzMzgzNCwiZXhwIjoxNzM5NTI1ODM0fQ.tF-B_bH4aZIg9ToOTZRDBzFqNwpGdd0rdIuTOKHQZWY; refreshToken=eyJhbGciOiJIUzI1NiIsInR5cCI6IkpXVCJ9.eyJlbWFpbCI6ImFocm9yc3VsYXltb25vdjQ5NEBnbWFpbC5jb20iLCJpc19hY3RpdmUiOnRydWUsImlzX2NyZWF0b3IiOnRydWUsImlhdCI6MTczNzAyODI5NSwiZXhwIjoxNzM5NjIwMjk1fQ.54zE2ZPxjjrqNefMfSlsd3r7ANXun161d6bscfltm9w'
      },
      method: 'POST',
      httpVersion: '1.1',
      originalUrl: '/api/contracts/create',
      query: {}
    },
    res: { statusCode: 201 },
    responseTime: 1812
  },
  level: 'info',
  message: 'POST /api/contracts/create 201 1812ms'
}
{
  meta: {
    req: {
      url: '/api/cartItems/create',
      headers: {
        'content-type': 'application/json',
        'user-agent': 'PostmanRuntime/7.43.0',
        accept: '*/*',
        'postman-token': 'b7b7d594-379a-4afb-a54a-e8a718bf079d',
        host: 'localhost:4000',
        'accept-encoding': 'gzip, deflate, br',
        connection: 'keep-alive',
        'content-length': '74',
        cookie: 'admin_refreshToken=eyJhbGciOiJIUzI1NiIsInR5cCI6IkpXVCJ9.eyJlbWFpbCI6ImFocm9yc3VsYXltb25vdjQ5NEBnbWFpbC5jb20iLCJpc19hY3RpdmUiOnRydWUsImlzX2NyZWF0b3IiOnRydWUsImlhdCI6MTczNjkzMzgzNCwiZXhwIjoxNzM5NTI1ODM0fQ.tF-B_bH4aZIg9ToOTZRDBzFqNwpGdd0rdIuTOKHQZWY; refreshToken=eyJhbGciOiJIUzI1NiIsInR5cCI6IkpXVCJ9.eyJlbWFpbCI6ImFocm9yc3VsYXltb25vdjQ5NEBnbWFpbC5jb20iLCJpc19hY3RpdmUiOnRydWUsImlzX2NyZWF0b3IiOnRydWUsImlhdCI6MTczNzAyODI5NSwiZXhwIjoxNzM5NjIwMjk1fQ.54zE2ZPxjjrqNefMfSlsd3r7ANXun161d6bscfltm9w'
      },
      method: 'POST',
      httpVersion: '1.1',
      originalUrl: '/api/cartItems/create',
      query: {}
    },
    res: { statusCode: 201 },
    responseTime: 74
  },
  level: 'info',
  message: 'POST /api/cartItems/create 201 74ms'
}
{
  meta: {
    req: {
      url: '/api/cartItems/create',
      headers: {
        'content-type': 'application/json',
        'user-agent': 'PostmanRuntime/7.43.0',
        accept: '*/*',
        'postman-token': 'c8e2683f-d089-4b37-9216-52a24c2e39fb',
        host: 'localhost:4000',
        'accept-encoding': 'gzip, deflate, br',
        connection: 'keep-alive',
        'content-length': '74',
        cookie: 'admin_refreshToken=eyJhbGciOiJIUzI1NiIsInR5cCI6IkpXVCJ9.eyJlbWFpbCI6ImFocm9yc3VsYXltb25vdjQ5NEBnbWFpbC5jb20iLCJpc19hY3RpdmUiOnRydWUsImlzX2NyZWF0b3IiOnRydWUsImlhdCI6MTczNjkzMzgzNCwiZXhwIjoxNzM5NTI1ODM0fQ.tF-B_bH4aZIg9ToOTZRDBzFqNwpGdd0rdIuTOKHQZWY; refreshToken=eyJhbGciOiJIUzI1NiIsInR5cCI6IkpXVCJ9.eyJlbWFpbCI6ImFocm9yc3VsYXltb25vdjQ5NEBnbWFpbC5jb20iLCJpc19hY3RpdmUiOnRydWUsImlzX2NyZWF0b3IiOnRydWUsImlhdCI6MTczNzAyODI5NSwiZXhwIjoxNzM5NjIwMjk1fQ.54zE2ZPxjjrqNefMfSlsd3r7ANXun161d6bscfltm9w'
      },
      method: 'POST',
      httpVersion: '1.1',
      originalUrl: '/api/cartItems/create',
      query: {}
    },
    res: { statusCode: 201 },
    responseTime: 75
  },
  level: 'info',
  message: 'POST /api/cartItems/create 201 75ms'
}
{
  meta: {
    req: {
      url: '/api/contracts/create',
      headers: {
        'content-type': 'application/json',
        'user-agent': 'PostmanRuntime/7.43.0',
        accept: '*/*',
        'postman-token': 'dc7941b1-5962-4a5c-94b3-acd6e9b66e90',
        host: 'localhost:4000',
        'accept-encoding': 'gzip, deflate, br',
        connection: 'keep-alive',
        'content-length': '142',
        cookie: 'admin_refreshToken=eyJhbGciOiJIUzI1NiIsInR5cCI6IkpXVCJ9.eyJlbWFpbCI6ImFocm9yc3VsYXltb25vdjQ5NEBnbWFpbC5jb20iLCJpc19hY3RpdmUiOnRydWUsImlzX2NyZWF0b3IiOnRydWUsImlhdCI6MTczNjkzMzgzNCwiZXhwIjoxNzM5NTI1ODM0fQ.tF-B_bH4aZIg9ToOTZRDBzFqNwpGdd0rdIuTOKHQZWY; refreshToken=eyJhbGciOiJIUzI1NiIsInR5cCI6IkpXVCJ9.eyJlbWFpbCI6ImFocm9yc3VsYXltb25vdjQ5NEBnbWFpbC5jb20iLCJpc19hY3RpdmUiOnRydWUsImlzX2NyZWF0b3IiOnRydWUsImlhdCI6MTczNzAyODI5NSwiZXhwIjoxNzM5NjIwMjk1fQ.54zE2ZPxjjrqNefMfSlsd3r7ANXun161d6bscfltm9w'
      },
      method: 'POST',
      httpVersion: '1.1',
      originalUrl: '/api/contracts/create',
      query: {}
    },
    res: { statusCode: 201 },
    responseTime: 2871
  },
  level: 'info',
  message: 'POST /api/contracts/create 201 2871ms'
}
{
  meta: {
    req: {
      url: '/api/installmentPlans/all',
      headers: {
        'user-agent': 'PostmanRuntime/7.43.0',
        accept: '*/*',
        'postman-token': '1181ee4f-10a9-4e5d-b3a9-ba6273fdb91e',
        host: 'localhost:4000',
        'accept-encoding': 'gzip, deflate, br',
        connection: 'keep-alive',
        cookie: 'admin_refreshToken=eyJhbGciOiJIUzI1NiIsInR5cCI6IkpXVCJ9.eyJlbWFpbCI6ImFocm9yc3VsYXltb25vdjQ5NEBnbWFpbC5jb20iLCJpc19hY3RpdmUiOnRydWUsImlzX2NyZWF0b3IiOnRydWUsImlhdCI6MTczNjkzMzgzNCwiZXhwIjoxNzM5NTI1ODM0fQ.tF-B_bH4aZIg9ToOTZRDBzFqNwpGdd0rdIuTOKHQZWY; refreshToken=eyJhbGciOiJIUzI1NiIsInR5cCI6IkpXVCJ9.eyJlbWFpbCI6ImFocm9yc3VsYXltb25vdjQ5NEBnbWFpbC5jb20iLCJpc19hY3RpdmUiOnRydWUsImlzX2NyZWF0b3IiOnRydWUsImlhdCI6MTczNzAyODI5NSwiZXhwIjoxNzM5NjIwMjk1fQ.54zE2ZPxjjrqNefMfSlsd3r7ANXun161d6bscfltm9w'
      },
      method: 'GET',
      httpVersion: '1.1',
      originalUrl: '/api/installmentPlans/all',
      query: {}
    },
    res: { statusCode: 200 },
    responseTime: 70
  },
  level: 'info',
  message: 'GET /api/installmentPlans/all 200 70ms'
}
{
  meta: {
    req: {
      url: '/api/installmentPlans/create',
      headers: {
        'content-type': 'application/json',
        'user-agent': 'PostmanRuntime/7.43.0',
        accept: '*/*',
        'postman-token': 'af620aee-b766-4974-ab30-99a8696a9082',
        host: 'localhost:4000',
        'accept-encoding': 'gzip, deflate, br',
        connection: 'keep-alive',
        'content-length': '57',
        cookie: 'admin_refreshToken=eyJhbGciOiJIUzI1NiIsInR5cCI6IkpXVCJ9.eyJlbWFpbCI6ImFocm9yc3VsYXltb25vdjQ5NEBnbWFpbC5jb20iLCJpc19hY3RpdmUiOnRydWUsImlzX2NyZWF0b3IiOnRydWUsImlhdCI6MTczNjkzMzgzNCwiZXhwIjoxNzM5NTI1ODM0fQ.tF-B_bH4aZIg9ToOTZRDBzFqNwpGdd0rdIuTOKHQZWY; refreshToken=eyJhbGciOiJIUzI1NiIsInR5cCI6IkpXVCJ9.eyJlbWFpbCI6ImFocm9yc3VsYXltb25vdjQ5NEBnbWFpbC5jb20iLCJpc19hY3RpdmUiOnRydWUsImlzX2NyZWF0b3IiOnRydWUsImlhdCI6MTczNzAyODI5NSwiZXhwIjoxNzM5NjIwMjk1fQ.54zE2ZPxjjrqNefMfSlsd3r7ANXun161d6bscfltm9w'
      },
      method: 'POST',
      httpVersion: '1.1',
      originalUrl: '/api/installmentPlans/create',
      query: {}
    },
    res: { statusCode: 201 },
    responseTime: 199
  },
  level: 'info',
  message: 'POST /api/installmentPlans/create 201 199ms'
}
{
  meta: {
    req: {
      url: '/api/functions/getNoPaidall',
      headers: {
        'user-agent': 'PostmanRuntime/7.43.0',
        accept: '*/*',
        'postman-token': '0ed08cc1-d903-4397-b89f-598076b56314',
        host: 'localhost:4000',
        'accept-encoding': 'gzip, deflate, br',
        connection: 'keep-alive',
        cookie: 'admin_refreshToken=eyJhbGciOiJIUzI1NiIsInR5cCI6IkpXVCJ9.eyJlbWFpbCI6ImFocm9yc3VsYXltb25vdjQ5NEBnbWFpbC5jb20iLCJpc19hY3RpdmUiOnRydWUsImlzX2NyZWF0b3IiOnRydWUsImlhdCI6MTczNjkzMzgzNCwiZXhwIjoxNzM5NTI1ODM0fQ.tF-B_bH4aZIg9ToOTZRDBzFqNwpGdd0rdIuTOKHQZWY; refreshToken=eyJhbGciOiJIUzI1NiIsInR5cCI6IkpXVCJ9.eyJlbWFpbCI6ImFocm9yc3VsYXltb25vdjQ5NEBnbWFpbC5jb20iLCJpc19hY3RpdmUiOnRydWUsImlzX2NyZWF0b3IiOnRydWUsImlhdCI6MTczNzAyODI5NSwiZXhwIjoxNzM5NjIwMjk1fQ.54zE2ZPxjjrqNefMfSlsd3r7ANXun161d6bscfltm9w'
      },
      method: 'GET',
      httpVersion: '1.1',
      originalUrl: '/api/functions/getNoPaidall',
      query: {}
    },
    res: { statusCode: 403 },
    responseTime: 3
  },
  level: 'info',
  message: 'GET /api/functions/getNoPaidall 403 3ms'
}
{
  meta: {
    req: {
      url: '/api/admins/login',
      headers: {
        'content-type': 'application/json',
        'user-agent': 'PostmanRuntime/7.43.0',
        accept: '*/*',
        'postman-token': 'c4002bf3-a129-4be5-ba3a-68404d9d8e3c',
        host: 'localhost:4000',
        'accept-encoding': 'gzip, deflate, br',
        connection: 'keep-alive',
        'content-length': '87',
        cookie: 'admin_refreshToken=eyJhbGciOiJIUzI1NiIsInR5cCI6IkpXVCJ9.eyJlbWFpbCI6ImFocm9yc3VsYXltb25vdjQ5NEBnbWFpbC5jb20iLCJpc19hY3RpdmUiOnRydWUsImlzX2NyZWF0b3IiOnRydWUsImlhdCI6MTczNjkzMzgzNCwiZXhwIjoxNzM5NTI1ODM0fQ.tF-B_bH4aZIg9ToOTZRDBzFqNwpGdd0rdIuTOKHQZWY; refreshToken=eyJhbGciOiJIUzI1NiIsInR5cCI6IkpXVCJ9.eyJlbWFpbCI6ImFocm9yc3VsYXltb25vdjQ5NEBnbWFpbC5jb20iLCJpc19hY3RpdmUiOnRydWUsImlzX2NyZWF0b3IiOnRydWUsImlhdCI6MTczNzAyODI5NSwiZXhwIjoxNzM5NjIwMjk1fQ.54zE2ZPxjjrqNefMfSlsd3r7ANXun161d6bscfltm9w'
      },
      method: 'POST',
      httpVersion: '1.1',
      originalUrl: '/api/admins/login',
      query: {}
    },
    res: { statusCode: 200 },
    responseTime: 2331
  },
  level: 'info',
  message: 'POST /api/admins/login 200 2331ms'
}
{
  meta: {
    req: {
      url: '/api/functions/getNoPaidall',
      headers: {
        authorization: 'Bearer eyJhbGciOiJIUzI1NiIsInR5cCI6IkpXVCJ9.eyJlbWFpbCI6ImFocm9yc3VsYXltb25vdjQ5NEBnbWFpbC5jb20iLCJpc19hY3RpdmUiOnRydWUsImlzX2NyZWF0b3IiOnRydWUsImlhdCI6MTczNzA4OTQ3MCwiZXhwIjoxNzM3MTQzNDcwfQ.91iWDQQ_HVVOfx40SE9MllBpIu-Khn4BnugqetbYer0',
        'user-agent': 'PostmanRuntime/7.43.0',
        accept: '*/*',
        'postman-token': 'e8408695-0ca8-4bf4-97fc-dd686c4843e1',
        host: 'localhost:4000',
        'accept-encoding': 'gzip, deflate, br',
        connection: 'keep-alive',
        cookie: 'admin_refreshToken=eyJhbGciOiJIUzI1NiIsInR5cCI6IkpXVCJ9.eyJlbWFpbCI6ImFocm9yc3VsYXltb25vdjQ5NEBnbWFpbC5jb20iLCJpc19hY3RpdmUiOnRydWUsImlzX2NyZWF0b3IiOnRydWUsImlhdCI6MTczNjkzMzgzNCwiZXhwIjoxNzM5NTI1ODM0fQ.tF-B_bH4aZIg9ToOTZRDBzFqNwpGdd0rdIuTOKHQZWY; refreshToken=eyJhbGciOiJIUzI1NiIsInR5cCI6IkpXVCJ9.eyJlbWFpbCI6ImFocm9yc3VsYXltb25vdjQ5NEBnbWFpbC5jb20iLCJpc19hY3RpdmUiOnRydWUsImlzX2NyZWF0b3IiOnRydWUsImlhdCI6MTczNzA4OTQ3MCwiZXhwIjoxNzM5NjgxNDcwfQ.cINfc5guBagIWcbujXXcc5vF5EXyLAdbKikJB-ViEW8'
      },
      method: 'GET',
      httpVersion: '1.1',
      originalUrl: '/api/functions/getNoPaidall',
      query: {}
    },
    res: { statusCode: 200 },
    responseTime: 77
  },
  level: 'info',
  message: 'GET /api/functions/getNoPaidall 200 77ms'
}
{
  meta: {
    req: {
      url: '/api/functions/getNoPaidall',
      headers: {
        authorization: 'Bearer eyJhbGciOiJIUzI1NiIsInR5cCI6IkpXVCJ9.eyJlbWFpbCI6ImFocm9yc3VsYXltb25vdjQ5NEBnbWFpbC5jb20iLCJpc19hY3RpdmUiOnRydWUsImlzX2NyZWF0b3IiOnRydWUsImlhdCI6MTczNzA4OTQ3MCwiZXhwIjoxNzM3MTQzNDcwfQ.91iWDQQ_HVVOfx40SE9MllBpIu-Khn4BnugqetbYer0',
        'user-agent': 'PostmanRuntime/7.43.0',
        accept: '*/*',
        'postman-token': '093d0e9e-4f61-4ea9-a2bb-2455b3de1379',
        host: 'localhost:4000',
        'accept-encoding': 'gzip, deflate, br',
        connection: 'keep-alive',
        cookie: 'admin_refreshToken=eyJhbGciOiJIUzI1NiIsInR5cCI6IkpXVCJ9.eyJlbWFpbCI6ImFocm9yc3VsYXltb25vdjQ5NEBnbWFpbC5jb20iLCJpc19hY3RpdmUiOnRydWUsImlzX2NyZWF0b3IiOnRydWUsImlhdCI6MTczNjkzMzgzNCwiZXhwIjoxNzM5NTI1ODM0fQ.tF-B_bH4aZIg9ToOTZRDBzFqNwpGdd0rdIuTOKHQZWY; refreshToken=eyJhbGciOiJIUzI1NiIsInR5cCI6IkpXVCJ9.eyJlbWFpbCI6ImFocm9yc3VsYXltb25vdjQ5NEBnbWFpbC5jb20iLCJpc19hY3RpdmUiOnRydWUsImlzX2NyZWF0b3IiOnRydWUsImlhdCI6MTczNzA4OTQ3MCwiZXhwIjoxNzM5NjgxNDcwfQ.cINfc5guBagIWcbujXXcc5vF5EXyLAdbKikJB-ViEW8'
      },
      method: 'GET',
      httpVersion: '1.1',
      originalUrl: '/api/functions/getNoPaidall',
      query: {}
    },
    res: { statusCode: 200 },
    responseTime: 115
  },
  level: 'info',
  message: 'GET /api/functions/getNoPaidall 200 115ms'
}
{
  meta: {
    req: {
      url: '/api/functions/getNoPaidall',
      headers: {
        authorization: 'Bearer eyJhbGciOiJIUzI1NiIsInR5cCI6IkpXVCJ9.eyJlbWFpbCI6ImFocm9yc3VsYXltb25vdjQ5NEBnbWFpbC5jb20iLCJpc19hY3RpdmUiOnRydWUsImlzX2NyZWF0b3IiOnRydWUsImlhdCI6MTczNzA4OTQ3MCwiZXhwIjoxNzM3MTQzNDcwfQ.91iWDQQ_HVVOfx40SE9MllBpIu-Khn4BnugqetbYer0',
        'user-agent': 'PostmanRuntime/7.43.0',
        accept: '*/*',
        'postman-token': '0af5fd7b-13f2-4f6b-8772-92d2230dc4c6',
        host: 'localhost:4000',
        'accept-encoding': 'gzip, deflate, br',
        connection: 'keep-alive',
        cookie: 'admin_refreshToken=eyJhbGciOiJIUzI1NiIsInR5cCI6IkpXVCJ9.eyJlbWFpbCI6ImFocm9yc3VsYXltb25vdjQ5NEBnbWFpbC5jb20iLCJpc19hY3RpdmUiOnRydWUsImlzX2NyZWF0b3IiOnRydWUsImlhdCI6MTczNjkzMzgzNCwiZXhwIjoxNzM5NTI1ODM0fQ.tF-B_bH4aZIg9ToOTZRDBzFqNwpGdd0rdIuTOKHQZWY; refreshToken=eyJhbGciOiJIUzI1NiIsInR5cCI6IkpXVCJ9.eyJlbWFpbCI6ImFocm9yc3VsYXltb25vdjQ5NEBnbWFpbC5jb20iLCJpc19hY3RpdmUiOnRydWUsImlzX2NyZWF0b3IiOnRydWUsImlhdCI6MTczNzA4OTQ3MCwiZXhwIjoxNzM5NjgxNDcwfQ.cINfc5guBagIWcbujXXcc5vF5EXyLAdbKikJB-ViEW8'
      },
      method: 'GET',
      httpVersion: '1.1',
      originalUrl: '/api/functions/getNoPaidall',
      query: {}
    },
    res: { statusCode: 200 },
    responseTime: 76
  },
  level: 'info',
  message: 'GET /api/functions/getNoPaidall 200 76ms'
}
{
  meta: {
    req: {
      url: '/api/functions/getNoPaidall',
      headers: {
        authorization: 'Bearer eyJhbGciOiJIUzI1NiIsInR5cCI6IkpXVCJ9.eyJlbWFpbCI6ImFocm9yc3VsYXltb25vdjQ5NEBnbWFpbC5jb20iLCJpc19hY3RpdmUiOnRydWUsImlzX2NyZWF0b3IiOnRydWUsImlhdCI6MTczNzA4OTQ3MCwiZXhwIjoxNzM3MTQzNDcwfQ.91iWDQQ_HVVOfx40SE9MllBpIu-Khn4BnugqetbYer0',
        'user-agent': 'PostmanRuntime/7.43.0',
        accept: '*/*',
        'postman-token': 'b81094ae-63c0-492c-a00c-f4e54f3d99f0',
        host: 'localhost:4000',
        'accept-encoding': 'gzip, deflate, br',
        connection: 'keep-alive',
        cookie: 'admin_refreshToken=eyJhbGciOiJIUzI1NiIsInR5cCI6IkpXVCJ9.eyJlbWFpbCI6ImFocm9yc3VsYXltb25vdjQ5NEBnbWFpbC5jb20iLCJpc19hY3RpdmUiOnRydWUsImlzX2NyZWF0b3IiOnRydWUsImlhdCI6MTczNjkzMzgzNCwiZXhwIjoxNzM5NTI1ODM0fQ.tF-B_bH4aZIg9ToOTZRDBzFqNwpGdd0rdIuTOKHQZWY; refreshToken=eyJhbGciOiJIUzI1NiIsInR5cCI6IkpXVCJ9.eyJlbWFpbCI6ImFocm9yc3VsYXltb25vdjQ5NEBnbWFpbC5jb20iLCJpc19hY3RpdmUiOnRydWUsImlzX2NyZWF0b3IiOnRydWUsImlhdCI6MTczNzA4OTQ3MCwiZXhwIjoxNzM5NjgxNDcwfQ.cINfc5guBagIWcbujXXcc5vF5EXyLAdbKikJB-ViEW8'
      },
      method: 'GET',
      httpVersion: '1.1',
      originalUrl: '/api/functions/getNoPaidall',
      query: {}
    },
    res: { statusCode: 200 },
    responseTime: 6
  },
  level: 'info',
  message: 'GET /api/functions/getNoPaidall 200 6ms'
}
{
  meta: {
    req: {
      url: '/api/contracts/all',
      headers: {
        'user-agent': 'PostmanRuntime/7.43.0',
        accept: '*/*',
        'postman-token': 'aa6c9fe5-dc5c-4ba9-b548-50a66c064f26',
        host: 'localhost:4000',
        'accept-encoding': 'gzip, deflate, br',
        connection: 'keep-alive',
        cookie: 'admin_refreshToken=eyJhbGciOiJIUzI1NiIsInR5cCI6IkpXVCJ9.eyJlbWFpbCI6ImFocm9yc3VsYXltb25vdjQ5NEBnbWFpbC5jb20iLCJpc19hY3RpdmUiOnRydWUsImlzX2NyZWF0b3IiOnRydWUsImlhdCI6MTczNjkzMzgzNCwiZXhwIjoxNzM5NTI1ODM0fQ.tF-B_bH4aZIg9ToOTZRDBzFqNwpGdd0rdIuTOKHQZWY; refreshToken=eyJhbGciOiJIUzI1NiIsInR5cCI6IkpXVCJ9.eyJlbWFpbCI6ImFocm9yc3VsYXltb25vdjQ5NEBnbWFpbC5jb20iLCJpc19hY3RpdmUiOnRydWUsImlzX2NyZWF0b3IiOnRydWUsImlhdCI6MTczNzA4OTQ3MCwiZXhwIjoxNzM5NjgxNDcwfQ.cINfc5guBagIWcbujXXcc5vF5EXyLAdbKikJB-ViEW8'
      },
      method: 'GET',
      httpVersion: '1.1',
      originalUrl: '/api/contracts/all',
      query: {}
    },
    res: { statusCode: 200 },
    responseTime: 14
  },
  level: 'info',
  message: 'GET /api/contracts/all 200 14ms'
}
{
  meta: {
    req: {
      url: '/api/payments/all',
      headers: {
        'user-agent': 'PostmanRuntime/7.43.0',
        accept: '*/*',
        'postman-token': '02cf24cb-692b-46ab-ab15-8495c12bad42',
        host: 'localhost:4000',
        'accept-encoding': 'gzip, deflate, br',
        connection: 'keep-alive',
        cookie: 'admin_refreshToken=eyJhbGciOiJIUzI1NiIsInR5cCI6IkpXVCJ9.eyJlbWFpbCI6ImFocm9yc3VsYXltb25vdjQ5NEBnbWFpbC5jb20iLCJpc19hY3RpdmUiOnRydWUsImlzX2NyZWF0b3IiOnRydWUsImlhdCI6MTczNjkzMzgzNCwiZXhwIjoxNzM5NTI1ODM0fQ.tF-B_bH4aZIg9ToOTZRDBzFqNwpGdd0rdIuTOKHQZWY; refreshToken=eyJhbGciOiJIUzI1NiIsInR5cCI6IkpXVCJ9.eyJlbWFpbCI6ImFocm9yc3VsYXltb25vdjQ5NEBnbWFpbC5jb20iLCJpc19hY3RpdmUiOnRydWUsImlzX2NyZWF0b3IiOnRydWUsImlhdCI6MTczNzA4OTQ3MCwiZXhwIjoxNzM5NjgxNDcwfQ.cINfc5guBagIWcbujXXcc5vF5EXyLAdbKikJB-ViEW8'
      },
      method: 'GET',
      httpVersion: '1.1',
      originalUrl: '/api/payments/all',
      query: {}
    },
    res: { statusCode: 200 },
    responseTime: 141
  },
  level: 'info',
  message: 'GET /api/payments/all 200 141ms'
}
{
  meta: {
    req: {
      url: '/api/customers/all',
      headers: {
        'user-agent': 'PostmanRuntime/7.43.0',
        accept: '*/*',
        'postman-token': 'e2384a8c-28fb-4c60-9ef3-c1a891bd0692',
        host: 'localhost:4000',
        'accept-encoding': 'gzip, deflate, br',
        connection: 'keep-alive',
        cookie: 'admin_refreshToken=eyJhbGciOiJIUzI1NiIsInR5cCI6IkpXVCJ9.eyJlbWFpbCI6ImFocm9yc3VsYXltb25vdjQ5NEBnbWFpbC5jb20iLCJpc19hY3RpdmUiOnRydWUsImlzX2NyZWF0b3IiOnRydWUsImlhdCI6MTczNjkzMzgzNCwiZXhwIjoxNzM5NTI1ODM0fQ.tF-B_bH4aZIg9ToOTZRDBzFqNwpGdd0rdIuTOKHQZWY; refreshToken=eyJhbGciOiJIUzI1NiIsInR5cCI6IkpXVCJ9.eyJlbWFpbCI6ImFocm9yc3VsYXltb25vdjQ5NEBnbWFpbC5jb20iLCJpc19hY3RpdmUiOnRydWUsImlzX2NyZWF0b3IiOnRydWUsImlhdCI6MTczNzA4OTQ3MCwiZXhwIjoxNzM5NjgxNDcwfQ.cINfc5guBagIWcbujXXcc5vF5EXyLAdbKikJB-ViEW8'
      },
      method: 'GET',
      httpVersion: '1.1',
      originalUrl: '/api/customers/all',
      query: {}
    },
    res: { statusCode: 200 },
    responseTime: 359
  },
  level: 'info',
  message: 'GET /api/customers/all 200 359ms'
}
{
  meta: {
    req: {
      url: '/api/contractItems/all',
      headers: {
        'user-agent': 'PostmanRuntime/7.43.0',
        accept: '*/*',
        'postman-token': '8fc0bb59-d5cc-4452-a25f-098459779102',
        host: 'localhost:4000',
        'accept-encoding': 'gzip, deflate, br',
        connection: 'keep-alive',
        cookie: 'admin_refreshToken=eyJhbGciOiJIUzI1NiIsInR5cCI6IkpXVCJ9.eyJlbWFpbCI6ImFocm9yc3VsYXltb25vdjQ5NEBnbWFpbC5jb20iLCJpc19hY3RpdmUiOnRydWUsImlzX2NyZWF0b3IiOnRydWUsImlhdCI6MTczNjkzMzgzNCwiZXhwIjoxNzM5NTI1ODM0fQ.tF-B_bH4aZIg9ToOTZRDBzFqNwpGdd0rdIuTOKHQZWY; refreshToken=eyJhbGciOiJIUzI1NiIsInR5cCI6IkpXVCJ9.eyJlbWFpbCI6ImFocm9yc3VsYXltb25vdjQ5NEBnbWFpbC5jb20iLCJpc19hY3RpdmUiOnRydWUsImlzX2NyZWF0b3IiOnRydWUsImlhdCI6MTczNzA4OTQ3MCwiZXhwIjoxNzM5NjgxNDcwfQ.cINfc5guBagIWcbujXXcc5vF5EXyLAdbKikJB-ViEW8'
      },
      method: 'GET',
      httpVersion: '1.1',
      originalUrl: '/api/contractItems/all',
      query: {}
    },
    res: { statusCode: 200 },
    responseTime: 19
  },
  level: 'info',
  message: 'GET /api/contractItems/all 200 19ms'
}
{
  meta: {
    req: {
      url: '/api/functions/getNoPaidall',
      headers: {
        authorization: 'Bearer eyJhbGciOiJIUzI1NiIsInR5cCI6IkpXVCJ9.eyJlbWFpbCI6ImFocm9yc3VsYXltb25vdjQ5NEBnbWFpbC5jb20iLCJpc19hY3RpdmUiOnRydWUsImlzX2NyZWF0b3IiOnRydWUsImlhdCI6MTczNzA4OTQ3MCwiZXhwIjoxNzM3MTQzNDcwfQ.91iWDQQ_HVVOfx40SE9MllBpIu-Khn4BnugqetbYer0',
        'user-agent': 'PostmanRuntime/7.43.0',
        accept: '*/*',
        'postman-token': '3079a585-3521-4917-bab6-ada5d2ccc8fb',
        host: 'localhost:4000',
        'accept-encoding': 'gzip, deflate, br',
        connection: 'keep-alive',
        cookie: 'admin_refreshToken=eyJhbGciOiJIUzI1NiIsInR5cCI6IkpXVCJ9.eyJlbWFpbCI6ImFocm9yc3VsYXltb25vdjQ5NEBnbWFpbC5jb20iLCJpc19hY3RpdmUiOnRydWUsImlzX2NyZWF0b3IiOnRydWUsImlhdCI6MTczNjkzMzgzNCwiZXhwIjoxNzM5NTI1ODM0fQ.tF-B_bH4aZIg9ToOTZRDBzFqNwpGdd0rdIuTOKHQZWY; refreshToken=eyJhbGciOiJIUzI1NiIsInR5cCI6IkpXVCJ9.eyJlbWFpbCI6ImFocm9yc3VsYXltb25vdjQ5NEBnbWFpbC5jb20iLCJpc19hY3RpdmUiOnRydWUsImlzX2NyZWF0b3IiOnRydWUsImlhdCI6MTczNzA4OTQ3MCwiZXhwIjoxNzM5NjgxNDcwfQ.cINfc5guBagIWcbujXXcc5vF5EXyLAdbKikJB-ViEW8'
      },
      method: 'GET',
      httpVersion: '1.1',
      originalUrl: '/api/functions/getNoPaidall',
      query: {}
    },
    res: { statusCode: 400 },
    responseTime: 199
  },
  level: 'info',
  message: 'GET /api/functions/getNoPaidall 400 199ms'
}
{
  meta: {
    req: {
      url: '/api/functions/getNoPaidall',
      headers: {
        authorization: 'Bearer eyJhbGciOiJIUzI1NiIsInR5cCI6IkpXVCJ9.eyJlbWFpbCI6ImFocm9yc3VsYXltb25vdjQ5NEBnbWFpbC5jb20iLCJpc19hY3RpdmUiOnRydWUsImlzX2NyZWF0b3IiOnRydWUsImlhdCI6MTczNzA4OTQ3MCwiZXhwIjoxNzM3MTQzNDcwfQ.91iWDQQ_HVVOfx40SE9MllBpIu-Khn4BnugqetbYer0',
        'user-agent': 'PostmanRuntime/7.43.0',
        accept: '*/*',
        'postman-token': '617a7b21-9581-4b0e-8f01-a2f56636eb84',
        host: 'localhost:4000',
        'accept-encoding': 'gzip, deflate, br',
        connection: 'keep-alive',
        cookie: 'admin_refreshToken=eyJhbGciOiJIUzI1NiIsInR5cCI6IkpXVCJ9.eyJlbWFpbCI6ImFocm9yc3VsYXltb25vdjQ5NEBnbWFpbC5jb20iLCJpc19hY3RpdmUiOnRydWUsImlzX2NyZWF0b3IiOnRydWUsImlhdCI6MTczNjkzMzgzNCwiZXhwIjoxNzM5NTI1ODM0fQ.tF-B_bH4aZIg9ToOTZRDBzFqNwpGdd0rdIuTOKHQZWY; refreshToken=eyJhbGciOiJIUzI1NiIsInR5cCI6IkpXVCJ9.eyJlbWFpbCI6ImFocm9yc3VsYXltb25vdjQ5NEBnbWFpbC5jb20iLCJpc19hY3RpdmUiOnRydWUsImlzX2NyZWF0b3IiOnRydWUsImlhdCI6MTczNzA4OTQ3MCwiZXhwIjoxNzM5NjgxNDcwfQ.cINfc5guBagIWcbujXXcc5vF5EXyLAdbKikJB-ViEW8'
      },
      method: 'GET',
      httpVersion: '1.1',
      originalUrl: '/api/functions/getNoPaidall',
      query: {}
    },
    res: { statusCode: 200 },
    responseTime: 264
  },
  level: 'info',
  message: 'GET /api/functions/getNoPaidall 200 264ms'
}
